Vivado Simulator v2024.1
Copyright 1986-2022 Xilinx, Inc. All Rights Reserved.
Copyright 2022-2024 Advanced Micro Devices, Inc. All Rights Reserved.
Running: C:/Xilinx/Vivado/2024.1/bin/unwrapped/win64.o/xelab.exe --incr --debug typical --relax --mt 2 -L xil_defaultlib -L uvm -L unisims_ver -L unimacro_ver -L secureip --snapshot tb_ooo_core_top_behav xil_defaultlib.tb_ooo_core_top xil_defaultlib.glbl -log elaborate.log 
Using 2 slave threads.
Starting static elaboration
Pass Through NonSizing Optimizer
WARNING: [VRFC 10-3091] actual bit length 5 differs from formal bit length 6 for port 'commit_rd0' [C:/Users/cp123/ooo_core_top/ooo_core_top.srcs/sources_1/new/ooo_core_top.sv:862]
WARNING: [VRFC 10-3091] actual bit length 5 differs from formal bit length 6 for port 'commit_rd1' [C:/Users/cp123/ooo_core_top/ooo_core_top.srcs/sources_1/new/ooo_core_top.sv:865]
Completed static elaboration
Starting simulation data flow analysis
Completed simulation data flow analysis
Time Resolution for simulation is 1ps
Compiling module xil_defaultlib.inst_fetch
Compiling module xil_defaultlib.inst_memory
Compiling module xil_defaultlib.jal_detect
Compiling module xil_defaultlib.freeList
Compiling module xil_defaultlib.registerAliasTable
Compiling module xil_defaultlib.imm_extend
Compiling module xil_defaultlib.rename_issue
Compiling module xil_defaultlib.busy_table
Compiling module xil_defaultlib.rs_integer
Compiling module xil_defaultlib.rs_branch
Compiling module xil_defaultlib.physical_regfile
Compiling module xil_defaultlib.exec_unit_integer
Compiling module xil_defaultlib.exec_unit_branch
Compiling module xil_defaultlib.cdb
Compiling module xil_defaultlib.reorder_buffer
Compiling module xil_defaultlib.ooo_core_top
Compiling module xil_defaultlib.tb_ooo_core_top
Compiling module xil_defaultlib.glbl
Built simulation snapshot tb_ooo_core_top_behav
