INFO: [VRFC 10-2263] Analyzing SystemVerilog file "C:/Users/cp123/ooo_core_top/ooo_core_top.srcs/sources_1/imports/new/busy_list.sv" into library xil_defaultlib
INFO: [VRFC 10-311] analyzing module busy_table
INFO: [VRFC 10-2263] Analyzing SystemVerilog file "C:/Users/cp123/ooo_core_top/ooo_core_top.srcs/sources_1/imports/cp123/common_data_bus/common_data_bus.srcs/sources_1/new/cdb.sv" into library xil_defaultlib
INFO: [VRFC 10-311] analyzing module cdb
INFO: [VRFC 10-2263] Analyzing SystemVerilog file "C:/Users/cp123/ooo_core_top/ooo_core_top.srcs/sources_1/imports/cp123/exec_unit_branch/exec_unit_branch.srcs/sources_1/new/exec_unit_branch.sv" into library xil_defaultlib
INFO: [VRFC 10-311] analyzing module exec_unit_branch
INFO: [VRFC 10-2263] Analyzing SystemVerilog file "C:/Users/cp123/ooo_core_top/ooo_core_top.srcs/sources_1/imports/cp123/exec_unit_integer/exec_unit_integer.srcs/sources_1/new/exec_unit_integer.sv" into library xil_defaultlib
INFO: [VRFC 10-311] analyzing module exec_unit_integer
INFO: [VRFC 10-2263] Analyzing SystemVerilog file "C:/Users/cp123/ooo_core_top/ooo_core_top.srcs/sources_1/imports/new/freeList.sv" into library xil_defaultlib
INFO: [VRFC 10-311] analyzing module freeList
INFO: [VRFC 10-2263] Analyzing SystemVerilog file "C:/Users/cp123/ooo_core_top/ooo_core_top.srcs/sources_1/imports/cp123/imm_extend/imm_extend.srcs/sources_1/new/imm_extend.sv" into library xil_defaultlib
INFO: [VRFC 10-311] analyzing module imm_extend
INFO: [VRFC 10-2263] Analyzing SystemVerilog file "C:/Users/cp123/ooo_core_top/ooo_core_top.srcs/sources_1/imports/cp123/instruction_fetch_ooo/instruction_fetch_ooo.srcs/sources_1/new/inst_fetch.sv" into library xil_defaultlib
INFO: [VRFC 10-311] analyzing module inst_fetch
INFO: [VRFC 10-2263] Analyzing SystemVerilog file "C:/Users/cp123/ooo_core_top/ooo_core_top.srcs/sources_1/imports/new/inst_mem.sv" into library xil_defaultlib
INFO: [VRFC 10-311] analyzing module inst_memory
INFO: [VRFC 10-2263] Analyzing SystemVerilog file "C:/Users/cp123/ooo_core_top/ooo_core_top.srcs/sources_1/imports/new/jal_detect.sv" into library xil_defaultlib
INFO: [VRFC 10-311] analyzing module jal_detect
INFO: [VRFC 10-2263] Analyzing SystemVerilog file "C:/Users/cp123/ooo_core_top/ooo_core_top.srcs/sources_1/new/ooo_core_top.sv" into library xil_defaultlib
INFO: [VRFC 10-311] analyzing module ooo_core_top
INFO: [VRFC 10-2263] Analyzing SystemVerilog file "C:/Users/cp123/ooo_core_top/ooo_core_top.srcs/sources_1/imports/cp123/physical_register_ooo/physical_register_ooo.srcs/sources_1/new/physical_regfile.sv" into library xil_defaultlib
INFO: [VRFC 10-311] analyzing module physical_regfile
INFO: [VRFC 10-2263] Analyzing SystemVerilog file "C:/Users/cp123/ooo_core_top/ooo_core_top.srcs/sources_1/imports/cp123/registerAliasTable/registerAliasTable.srcs/sources_1/new/registerAliasTable/registerAliasTable.sv" into library xil_defaultlib
INFO: [VRFC 10-311] analyzing module registerAliasTable
INFO: [VRFC 10-2263] Analyzing SystemVerilog file "C:/Users/cp123/ooo_core_top/ooo_core_top.srcs/sources_1/imports/cp123/rename_issue/rename_issue.srcs/sources_1/new/rename_issue.sv" into library xil_defaultlib
INFO: [VRFC 10-311] analyzing module rename_issue
INFO: [VRFC 10-2263] Analyzing SystemVerilog file "C:/Users/cp123/ooo_core_top/ooo_core_top.srcs/sources_1/imports/cp123/reorderBuffer/reorderBuffer.srcs/sources_1/new/reorder_buffer.sv" into library xil_defaultlib
INFO: [VRFC 10-311] analyzing module reorder_buffer
INFO: [VRFC 10-2263] Analyzing SystemVerilog file "C:/Users/cp123/ooo_core_top/ooo_core_top.srcs/sources_1/imports/cp123/rs_branch/rs_branch.srcs/sources_1/new/rs_branch.sv" into library xil_defaultlib
INFO: [VRFC 10-311] analyzing module rs_branch
INFO: [VRFC 10-2263] Analyzing SystemVerilog file "C:/Users/cp123/ooo_core_top/ooo_core_top.srcs/sources_1/imports/cp123/rs_integer/rs_integer.srcs/sources_1/new/rs_integer.sv" into library xil_defaultlib
INFO: [VRFC 10-311] analyzing module rs_integer
INFO: [VRFC 10-2263] Analyzing SystemVerilog file "C:/Users/cp123/ooo_core_top/ooo_core_top.srcs/sim_1/new/tb_ooo_core_top.sv" into library xil_defaultlib
INFO: [VRFC 10-311] analyzing module tb_ooo_core_top
